<?xml version="1.0" encoding="UTF-8"?>
<testng-results ignored="0" total="1" passed="1" failed="0" skipped="0">
  <reporter-output>
  </reporter-output>
  <suite started-at="2021-06-21T16:45:26Z" name="Default suite" finished-at="2021-06-21T16:45:26Z" duration-ms="676">
    <groups>
    </groups>
    <test started-at="2021-06-21T16:45:26Z" name="Default test" finished-at="2021-06-21T16:45:26Z" duration-ms="676">
      <class name="com.mainmethod.MainMethod">
        <test-method is-config="true" signature="initaizeSetUp()[pri:0, instance:com.mainmethod.MainMethod@4034c28c]" started-at="2021-06-21T22:15:20Z" name="initaizeSetUp" finished-at="2021-06-21T22:15:26Z" duration-ms="5891" status="PASS">
          <reporter-output>
          </reporter-output>
        </test-method> <!-- initaizeSetUp -->
        <test-method signature="mainMethod()[pri:0, instance:com.mainmethod.MainMethod@4034c28c]" started-at="2021-06-21T22:15:26Z" name="mainMethod" finished-at="2021-06-21T22:15:26Z" duration-ms="657" status="PASS">
          <reporter-output>
          </reporter-output>
        </test-method> <!-- mainMethod -->
      </class> <!-- com.mainmethod.MainMethod -->
    </test> <!-- Default test -->
  </suite> <!-- Default suite -->
</testng-results>
