<?xml version="1.0" encoding="UTF-8"?>
<testng-results ignored="0" total="1" passed="1" failed="0" skipped="0">
  <reporter-output>
  </reporter-output>
  <suite started-at="2021-07-22T17:09:56Z" name="Default suite" finished-at="2021-07-22T17:10:06Z" duration-ms="10304">
    <groups>
    </groups>
    <test started-at="2021-07-22T17:09:56Z" name="Default test" finished-at="2021-07-22T17:10:06Z" duration-ms="10304">
      <class name="mainrunner.MainMethod">
        <test-method signature="mainMethod()[pri:0, instance:mainrunner.MainMethod@4445629]" started-at="2021-07-22T17:09:56Z" name="mainMethod" finished-at="2021-07-22T17:10:06Z" duration-ms="10251" status="PASS">
          <reporter-output>
          </reporter-output>
        </test-method> <!-- mainMethod -->
      </class> <!-- mainrunner.MainMethod -->
    </test> <!-- Default test -->
  </suite> <!-- Default suite -->
</testng-results>
