<?xml version="1.0" encoding="UTF-8"?>
<testng-results ignored="0" total="1" passed="1" failed="0" skipped="0">
  <reporter-output>
  </reporter-output>
  <suite started-at="2021-05-25T15:54:38Z" name="Default suite" finished-at="2021-05-25T15:54:47Z" duration-ms="9040">
    <groups>
    </groups>
    <test started-at="2021-05-25T15:54:38Z" name="Default test" finished-at="2021-05-25T15:54:47Z" duration-ms="9040">
      <class name="com.mainmethod.Mainmethod">
        <test-method is-config="true" signature="getReady()[pri:0, instance:com.mainmethod.Mainmethod@358c99f5]" started-at="2021-05-25T21:24:32Z" name="getReady" finished-at="2021-05-25T21:24:38Z" duration-ms="6215" status="PASS">
          <reporter-output>
          </reporter-output>
        </test-method> <!-- getReady -->
        <test-method signature="mainMethod(java.lang.String, java.lang.String, java.lang.String, java.lang.String, java.lang.String, java.lang.String, java.lang.String)[pri:0, instance:com.mainmethod.Mainmethod@358c99f5]" started-at="2021-05-25T21:24:38Z" name="mainMethod" data-provider="getData" finished-at="2021-05-25T21:24:47Z" duration-ms="9009" status="PASS">
          <params>
            <param index="0">
              <value>
                <![CDATA[Geetha]]>
              </value>
            </param>
            <param index="1">
              <value>
                <![CDATA[geetha@gmail.com]]>
              </value>
            </param>
            <param index="2">
              <value>
                <![CDATA[geetha]]>
              </value>
            </param>
            <param index="3">
              <value>
                <![CDATA[12/12/1986]]>
              </value>
            </param>
            <param index="4">
              <value>
                <![CDATA[Female]]>
              </value>
            </param>
            <param index="5">
              <value>
                <![CDATA[Shop]]>
              </value>
            </param>
            <param index="6">
              <value>
                <![CDATA[India]]>
              </value>
            </param>
          </params>
          <reporter-output>
          </reporter-output>
        </test-method> <!-- mainMethod -->
        <test-method is-config="true" signature="closeDriver()[pri:0, instance:com.mainmethod.Mainmethod@358c99f5]" started-at="2021-05-25T21:24:48Z" name="closeDriver" finished-at="2021-05-25T21:24:48Z" duration-ms="228" status="PASS">
          <reporter-output>
          </reporter-output>
        </test-method> <!-- closeDriver -->
      </class> <!-- com.mainmethod.Mainmethod -->
    </test> <!-- Default test -->
  </suite> <!-- Default suite -->
</testng-results>
