<?xml version="1.0" encoding="UTF-8"?>
<testng-results ignored="0" total="1" passed="1" failed="0" skipped="0">
  <reporter-output>
  </reporter-output>
  <suite started-at="2021-05-19T17:01:42Z" name="Default suite" finished-at="2021-05-19T17:02:00Z" duration-ms="17951">
    <groups>
    </groups>
    <test started-at="2021-05-19T17:01:42Z" name="Default test" finished-at="2021-05-19T17:02:00Z" duration-ms="17951">
      <class name="mainmethod.Mainmethod">
        <test-method is-config="true" signature="launchApp()[pri:0, instance:mainmethod.Mainmethod@161b062a]" started-at="2021-05-19T22:31:35Z" name="launchApp" finished-at="2021-05-19T22:31:42Z" duration-ms="6729" status="PASS">
          <reporter-output>
          </reporter-output>
        </test-method> <!-- launchApp -->
        <test-method signature="bookOrder()[pri:0, instance:mainmethod.Mainmethod@161b062a]" started-at="2021-05-19T22:31:42Z" name="bookOrder" finished-at="2021-05-19T22:32:00Z" duration-ms="17922" status="PASS">
          <reporter-output>
          </reporter-output>
        </test-method> <!-- bookOrder -->
        <test-method is-config="true" signature="driverClose()[pri:0, instance:mainmethod.Mainmethod@161b062a]" started-at="2021-05-19T22:32:00Z" name="driverClose" finished-at="2021-05-19T22:32:04Z" duration-ms="4149" status="PASS">
          <reporter-output>
          </reporter-output>
        </test-method> <!-- driverClose -->
      </class> <!-- mainmethod.Mainmethod -->
    </test> <!-- Default test -->
  </suite> <!-- Default suite -->
</testng-results>
