<?xml version="1.0" encoding="UTF-8"?>
<testng-results ignored="0" total="1" passed="1" failed="0" skipped="0">
  <reporter-output>
  </reporter-output>
  <suite started-at="2021-07-22T17:55:38Z" name="Default suite" finished-at="2021-07-22T17:55:38Z" duration-ms="53">
    <groups>
    </groups>
    <test started-at="2021-07-22T17:55:38Z" name="Default test" finished-at="2021-07-22T17:55:38Z" duration-ms="53">
      <class name="demomaven.DemoTest">
        <test-method signature="demomethodtest()[pri:0, instance:demomaven.DemoTest@1a0dcaa]" started-at="2021-07-22T17:55:38Z" name="demomethodtest" finished-at="2021-07-22T17:55:38Z" duration-ms="17" status="PASS">
          <reporter-output>
          </reporter-output>
        </test-method> <!-- demomethodtest -->
      </class> <!-- demomaven.DemoTest -->
    </test> <!-- Default test -->
  </suite> <!-- Default suite -->
</testng-results>
