<?xml version="1.0" encoding="UTF-8"?>
<testng-results ignored="0" total="1" passed="1" failed="0" skipped="0">
  <reporter-output>
  </reporter-output>
  <suite started-at="2021-07-07T16:58:05Z" name="Default suite" finished-at="2021-07-07T16:58:23Z" duration-ms="17490">
    <groups>
    </groups>
    <test started-at="2021-07-07T16:58:05Z" name="Default test" finished-at="2021-07-07T16:58:23Z" duration-ms="17490">
      <class name="com.mainmethod.MainRunner">
        <test-method is-config="true" signature="openApp()[pri:0, instance:com.mainmethod.MainRunner@e50a6f6]" started-at="2021-07-07T22:27:58Z" name="openApp" finished-at="2021-07-07T22:28:05Z" duration-ms="7110" status="PASS">
          <reporter-output>
          </reporter-output>
        </test-method> <!-- openApp -->
        <test-method signature="run()[pri:0, instance:com.mainmethod.MainRunner@e50a6f6]" started-at="2021-07-07T22:28:05Z" name="run" finished-at="2021-07-07T22:28:23Z" duration-ms="17465" status="PASS">
          <reporter-output>
          </reporter-output>
        </test-method> <!-- run -->
      </class> <!-- com.mainmethod.MainRunner -->
    </test> <!-- Default test -->
  </suite> <!-- Default suite -->
</testng-results>
